
**** Build of configuration Nios II for project sopc_barrefranche ****

make all 
Info: Building ../sopc_barrefranche_bsp/
make --no-print-directory -C ../sopc_barrefranche_bsp/
[BSP build complete]
Info: Compiling hello_world.c to obj/hello_world.o
nios2-elf-gcc -xc -MP -MMD -c -I../sopc_barrefranche_bsp//HAL/inc -I../sopc_barrefranche_bsp/ -I../sopc_barrefranche_bsp//drivers/inc  -DSYSTEM_BUS_WIDTH=32 -pipe -D__hal__ -DALT_NO_INSTRUCTION_EMULATION -DALT_SINGLE_THREADED    -O0 -g -Wall   -EL -mno-hw-div -mno-hw-mul -mno-hw-mulx  -o obj/hello_world.o hello_world.c
Info: Linking sopc_barrefranche.elf
nios2-elf-g++  -T'../sopc_barrefranche_bsp//linker.x' -msys-crt0='../sopc_barrefranche_bsp//obj/HAL/src/crt0.o' -msys-lib=hal_bsp -L../sopc_barrefranche_bsp/   -Wl,-Map=sopc_barrefranche.map   -O0 -g -Wall   -EL -mno-hw-div -mno-hw-mul -mno-hw-mulx  -o sopc_barrefranche.elf obj/hello_world.o -lm 
c:/altera/11.0sp1/nios2eds/bin/gnu/h-i686-mingw32/bin/../lib/gcc/nios2-elf/4.1.2/../../../../nios2-elf/bin/ld.exe: sopc_barrefranche.elf section `.text' will not fit in region `onchip_memory2_0'
c:/altera/11.0sp1/nios2eds/bin/gnu/h-i686-mingw32/bin/../lib/gcc/nios2-elf/4.1.2/../../../../nios2-elf/bin/ld.exe: address 0x166b4 of sopc_barrefranche.elf section `.rwdata' is not within region `onchip_memory2_0'
c:/altera/11.0sp1/nios2eds/bin/gnu/h-i686-mingw32/bin/../lib/gcc/nios2-elf/4.1.2/../../../../nios2-elf/bin/ld.exe: address 0x183fc of sopc_barrefranche.elf section `.bss' is not within region `onchip_memory2_0'
c:/altera/11.0sp1/nios2eds/bin/gnu/h-i686-mingw32/bin/../lib/gcc/nios2-elf/4.1.2/../../../../nios2-elf/bin/ld.exe: address 0x183fc of sopc_barrefranche.elf section `.onchip_memory2_0' is not within region `onchip_memory2_0'
c:/altera/11.0sp1/nios2eds/bin/gnu/h-i686-mingw32/bin/../lib/gcc/nios2-elf/4.1.2/../../../../nios2-elf/bin/ld.exe: address 0x166a0 of sopc_barrefranche.elf section `.rwdata' is not within region `onchip_memory2_0'
c:/altera/11.0sp1/nios2eds/bin/gnu/h-i686-mingw32/bin/../lib/gcc/nios2-elf/4.1.2/../../../../nios2-elf/bin/ld.exe: address 0x183e8 of sopc_barrefranche.elf section `.bss' is not within region `onchip_memory2_0'
c:/altera/11.0sp1/nios2eds/bin/gnu/h-i686-mingw32/bin/../lib/gcc/nios2-elf/4.1.2/../../../../nios2-elf/bin/ld.exe: address 0x183e8 of sopc_barrefranche.elf section `.onchip_memory2_0' is not within region `onchip_memory2_0'
c:/altera/11.0sp1/nios2eds/bin/gnu/h-i686-mingw32/bin/../lib/gcc/nios2-elf/4.1.2/../../../../nios2-elf/bin/ld.exe: address 0x166a0 of sopc_barrefranche.elf section `.rwdata' is not within region `onchip_memory2_0'
c:/altera/11.0sp1/nios2eds/bin/gnu/h-i686-mingw32/bin/../lib/gcc/nios2-elf/4.1.2/../../../../nios2-elf/bin/ld.exe: address 0x183e8 of sopc_barrefranche.elf section `.bss' is not within region `onchip_memory2_0'
c:/altera/11.0sp1/nios2eds/bin/gnu/h-i686-mingw32/bin/../lib/gcc/nios2-elf/4.1.2/../../../../nios2-elf/bin/ld.exe: address 0x183e8 of sopc_barrefranche.elf section `.onchip_memory2_0' is not within region `onchip_memory2_0'
c:/altera/11.0sp1/nios2eds/bin/gnu/h-i686-mingw32/bin/../lib/gcc/nios2-elf/4.1.2/../../../../nios2-elf/bin/ld.exe: region `onchip_memory2_0' overflowed by 46056 bytes
collect2: ld returned 1 exit status
make: *** [sopc_barrefranche.elf] Error 1
